0 info it worked if it ends with ok
1 verbose cli [ 'C:\\Program Files\\nodejs\\node.exe',
1 verbose cli   'C:\\Users\\Viktor\\AppData\\Roaming\\npm\\node_modules\\npm\\bin\\npm-cli.js',
1 verbose cli   'install' ]
2 info using npm@3.10.5
3 info using node@v5.6.0
4 silly loadCurrentTree Starting
5 silly install loadCurrentTree
6 silly install readLocalPackageData
7 silly install normalizeTree
8 silly loadCurrentTree Finishing
9 silly loadIdealTree Starting
10 silly install loadIdealTree
11 silly cloneCurrentTree Starting
12 silly install cloneCurrentTreeToIdealTree
13 silly cloneCurrentTree Finishing
14 silly loadShrinkwrap Starting
15 silly install loadShrinkwrap
16 silly loadShrinkwrap Finishing
17 silly loadAllDepsIntoIdealTree Starting
18 silly install loadAllDepsIntoIdealTree
19 silly fetchNamedPackageData bcrypt
20 silly mapToRegistry name bcrypt
21 silly mapToRegistry using default registry
22 silly mapToRegistry registry https://registry.npmjs.org/
23 silly mapToRegistry data Result {
23 silly mapToRegistry   raw: 'bcrypt',
23 silly mapToRegistry   scope: null,
23 silly mapToRegistry   escapedName: 'bcrypt',
23 silly mapToRegistry   name: 'bcrypt',
23 silly mapToRegistry   rawSpec: '',
23 silly mapToRegistry   spec: 'latest',
23 silly mapToRegistry   type: 'tag' }
24 silly mapToRegistry uri https://registry.npmjs.org/bcrypt
25 verbose request uri https://registry.npmjs.org/bcrypt
26 verbose request no auth needed
27 info attempt registry request try #1 at 22:58:07
28 verbose request id 5cf03b12079d4708
29 verbose etag "2VUYIPMRT8KEG0NE3MENVNAOP"
30 http request GET https://registry.npmjs.org/bcrypt
31 http 200 https://registry.npmjs.org/bcrypt
32 verbose headers { server: 'CouchDB/1.6.1 (Erlang OTP/R16B03)',
32 verbose headers   etag: '"2OUO77LW70DT5DNZP2CMEW4EA"',
32 verbose headers   'content-type': 'application/json',
32 verbose headers   'content-encoding': 'gzip',
32 verbose headers   'cache-control': 'max-age=300',
32 verbose headers   'content-length': '11765',
32 verbose headers   'accept-ranges': 'bytes',
32 verbose headers   date: 'Wed, 03 Aug 2016 01:57:50 GMT',
32 verbose headers   via: '1.1 varnish',
32 verbose headers   age: '0',
32 verbose headers   connection: 'keep-alive',
32 verbose headers   'x-served-by': 'cache-gru7123-GRU',
32 verbose headers   'x-cache': 'HIT',
32 verbose headers   'x-cache-hits': '1',
32 verbose headers   'x-timer': 'S1470189469.950013,VS0,VE615',
32 verbose headers   vary: 'Accept-Encoding' }
33 silly get cb [ 200,
33 silly get   { server: 'CouchDB/1.6.1 (Erlang OTP/R16B03)',
33 silly get     etag: '"2OUO77LW70DT5DNZP2CMEW4EA"',
33 silly get     'content-type': 'application/json',
33 silly get     'content-encoding': 'gzip',
33 silly get     'cache-control': 'max-age=300',
33 silly get     'content-length': '11765',
33 silly get     'accept-ranges': 'bytes',
33 silly get     date: 'Wed, 03 Aug 2016 01:57:50 GMT',
33 silly get     via: '1.1 varnish',
33 silly get     age: '0',
33 silly get     connection: 'keep-alive',
33 silly get     'x-served-by': 'cache-gru7123-GRU',
33 silly get     'x-cache': 'HIT',
33 silly get     'x-cache-hits': '1',
33 silly get     'x-timer': 'S1470189469.950013,VS0,VE615',
33 silly get     vary: 'Accept-Encoding' } ]
34 verbose get saving bcrypt to C:\Users\Viktor\AppData\Roaming\npm-cache\registry.npmjs.org\bcrypt\.cache.json
35 verbose correctMkdir C:\Users\Viktor\AppData\Roaming\npm-cache correctMkdir not in flight; initializing
36 silly resolveWithNewModule bcrypt@0.8.7 checking installable status
37 silly cache add args [ 'bcrypt@*', null ]
38 verbose cache add spec bcrypt@*
39 silly cache add parsed spec Result {
39 silly cache add   raw: 'bcrypt@*',
39 silly cache add   scope: null,
39 silly cache add   escapedName: 'bcrypt',
39 silly cache add   name: 'bcrypt',
39 silly cache add   rawSpec: '*',
39 silly cache add   spec: '*',
39 silly cache add   type: 'range' }
40 silly addNamed bcrypt@*
41 verbose addNamed "*" is a valid semver range for bcrypt
42 silly addNameRange { name: 'bcrypt', range: '*', hasData: false }
43 silly mapToRegistry name bcrypt
44 silly mapToRegistry using default registry
45 silly mapToRegistry registry https://registry.npmjs.org/
46 silly mapToRegistry data Result {
46 silly mapToRegistry   raw: 'bcrypt',
46 silly mapToRegistry   scope: null,
46 silly mapToRegistry   escapedName: 'bcrypt',
46 silly mapToRegistry   name: 'bcrypt',
46 silly mapToRegistry   rawSpec: '',
46 silly mapToRegistry   spec: 'latest',
46 silly mapToRegistry   type: 'tag' }
47 silly mapToRegistry uri https://registry.npmjs.org/bcrypt
48 verbose addNameRange registry:https://registry.npmjs.org/bcrypt not in flight; fetching
49 verbose get https://registry.npmjs.org/bcrypt not expired, no request
50 silly addNameRange number 2 { name: 'bcrypt', range: '*', hasData: true }
51 silly addNameRange versions [ 'bcrypt',
51 silly addNameRange   [ '0.1.2',
51 silly addNameRange     '0.2.0',
51 silly addNameRange     '0.2.1',
51 silly addNameRange     '0.1.3',
51 silly addNameRange     '0.2.2',
51 silly addNameRange     '0.2.3',
51 silly addNameRange     '0.2.4',
51 silly addNameRange     '0.3.0',
51 silly addNameRange     '0.3.1',
51 silly addNameRange     '0.3.2',
51 silly addNameRange     '0.4.0',
51 silly addNameRange     '0.4.1',
51 silly addNameRange     '0.5.0',
51 silly addNameRange     '0.6.0',
51 silly addNameRange     '0.7.0',
51 silly addNameRange     '0.7.1',
51 silly addNameRange     '0.7.2',
51 silly addNameRange     '0.7.3',
51 silly addNameRange     '0.7.4',
51 silly addNameRange     '0.7.5',
51 silly addNameRange     '0.7.6',
51 silly addNameRange     '0.7.7',
51 silly addNameRange     '0.7.8',
51 silly addNameRange     '0.8.0',
51 silly addNameRange     '0.8.1',
51 silly addNameRange     '0.8.2',
51 silly addNameRange     '0.8.3',
51 silly addNameRange     '0.8.4',
51 silly addNameRange     '0.8.5',
51 silly addNameRange     '0.8.6',
51 silly addNameRange     '0.8.7' ] ]
52 silly addNamed bcrypt@0.8.7
53 verbose addNamed "0.8.7" is a plain semver version for bcrypt
54 silly cache afterAdd bcrypt@0.8.7
55 verbose afterAdd C:\Users\Viktor\AppData\Roaming\npm-cache\bcrypt\0.8.7\package\package.json not in flight; writing
56 verbose correctMkdir C:\Users\Viktor\AppData\Roaming\npm-cache correctMkdir not in flight; initializing
57 verbose afterAdd C:\Users\Viktor\AppData\Roaming\npm-cache\bcrypt\0.8.7\package\package.json written
58 silly fetchNamedPackageData bindings
59 silly mapToRegistry name bindings
60 silly mapToRegistry using default registry
61 silly mapToRegistry registry https://registry.npmjs.org/
62 silly mapToRegistry data Result {
62 silly mapToRegistry   raw: 'bindings',
62 silly mapToRegistry   scope: null,
62 silly mapToRegistry   escapedName: 'bindings',
62 silly mapToRegistry   name: 'bindings',
62 silly mapToRegistry   rawSpec: '',
62 silly mapToRegistry   spec: 'latest',
62 silly mapToRegistry   type: 'tag' }
63 silly mapToRegistry uri https://registry.npmjs.org/bindings
64 silly fetchNamedPackageData nan
65 silly mapToRegistry name nan
66 silly mapToRegistry using default registry
67 silly mapToRegistry registry https://registry.npmjs.org/
68 silly mapToRegistry data Result {
68 silly mapToRegistry   raw: 'nan',
68 silly mapToRegistry   scope: null,
68 silly mapToRegistry   escapedName: 'nan',
68 silly mapToRegistry   name: 'nan',
68 silly mapToRegistry   rawSpec: '',
68 silly mapToRegistry   spec: 'latest',
68 silly mapToRegistry   type: 'tag' }
69 silly mapToRegistry uri https://registry.npmjs.org/nan
70 verbose request uri https://registry.npmjs.org/bindings
71 verbose request no auth needed
72 info attempt registry request try #1 at 22:58:08
73 verbose etag "33TX4J3DNTGF7K41ZUV6OA182"
74 http request GET https://registry.npmjs.org/bindings
75 verbose request uri https://registry.npmjs.org/nan
76 verbose request no auth needed
77 info attempt registry request try #1 at 22:58:08
78 verbose etag "2E1V908MEG33STFNV1760SLVP"
79 http request GET https://registry.npmjs.org/nan
80 http 200 https://registry.npmjs.org/nan
81 verbose headers { server: 'CouchDB/1.5.0 (Erlang OTP/R16B03)',
81 verbose headers   etag: '"EGTR1APXEV7TH8V3QYT0WN357"',
81 verbose headers   'content-type': 'application/json',
81 verbose headers   'content-encoding': 'gzip',
81 verbose headers   'cache-control': 'max-age=300',
81 verbose headers   'content-length': '17128',
81 verbose headers   'accept-ranges': 'bytes',
81 verbose headers   date: 'Wed, 03 Aug 2016 01:57:50 GMT',
81 verbose headers   via: '1.1 varnish',
81 verbose headers   age: '169',
81 verbose headers   connection: 'keep-alive',
81 verbose headers   'x-served-by': 'cache-gru7122-GRU',
81 verbose headers   'x-cache': 'HIT',
81 verbose headers   'x-cache-hits': '3',
81 verbose headers   'x-timer': 'S1470189470.831264,VS0,VE0',
81 verbose headers   vary: 'Accept-Encoding' }
82 silly get cb [ 200,
82 silly get   { server: 'CouchDB/1.5.0 (Erlang OTP/R16B03)',
82 silly get     etag: '"EGTR1APXEV7TH8V3QYT0WN357"',
82 silly get     'content-type': 'application/json',
82 silly get     'content-encoding': 'gzip',
82 silly get     'cache-control': 'max-age=300',
82 silly get     'content-length': '17128',
82 silly get     'accept-ranges': 'bytes',
82 silly get     date: 'Wed, 03 Aug 2016 01:57:50 GMT',
82 silly get     via: '1.1 varnish',
82 silly get     age: '169',
82 silly get     connection: 'keep-alive',
82 silly get     'x-served-by': 'cache-gru7122-GRU',
82 silly get     'x-cache': 'HIT',
82 silly get     'x-cache-hits': '3',
82 silly get     'x-timer': 'S1470189470.831264,VS0,VE0',
82 silly get     vary: 'Accept-Encoding' } ]
83 verbose get saving nan to C:\Users\Viktor\AppData\Roaming\npm-cache\registry.npmjs.org\nan\.cache.json
84 verbose correctMkdir C:\Users\Viktor\AppData\Roaming\npm-cache correctMkdir not in flight; initializing
85 silly resolveWithNewModule nan@2.3.5 checking installable status
86 silly cache add args [ 'nan@2.3.5', null ]
87 verbose cache add spec nan@2.3.5
88 silly cache add parsed spec Result {
88 silly cache add   raw: 'nan@2.3.5',
88 silly cache add   scope: null,
88 silly cache add   escapedName: 'nan',
88 silly cache add   name: 'nan',
88 silly cache add   rawSpec: '2.3.5',
88 silly cache add   spec: '2.3.5',
88 silly cache add   type: 'version' }
89 silly addNamed nan@2.3.5
90 verbose addNamed "2.3.5" is a plain semver version for nan
91 silly mapToRegistry name nan
92 silly mapToRegistry using default registry
93 silly mapToRegistry registry https://registry.npmjs.org/
94 silly mapToRegistry data Result {
94 silly mapToRegistry   raw: 'nan',
94 silly mapToRegistry   scope: null,
94 silly mapToRegistry   escapedName: 'nan',
94 silly mapToRegistry   name: 'nan',
94 silly mapToRegistry   rawSpec: '',
94 silly mapToRegistry   spec: 'latest',
94 silly mapToRegistry   type: 'tag' }
95 silly mapToRegistry uri https://registry.npmjs.org/nan
96 verbose addNameVersion registry:https://registry.npmjs.org/nan not in flight; fetching
97 verbose get https://registry.npmjs.org/nan not expired, no request
98 silly cache afterAdd nan@2.3.5
99 verbose afterAdd C:\Users\Viktor\AppData\Roaming\npm-cache\nan\2.3.5\package\package.json not in flight; writing
100 verbose correctMkdir C:\Users\Viktor\AppData\Roaming\npm-cache correctMkdir not in flight; initializing
101 verbose afterAdd C:\Users\Viktor\AppData\Roaming\npm-cache\nan\2.3.5\package\package.json written
102 http 304 https://registry.npmjs.org/bindings
103 verbose headers { date: 'Wed, 03 Aug 2016 01:57:50 GMT',
103 verbose headers   via: '1.1 varnish',
103 verbose headers   'cache-control': 'max-age=300',
103 verbose headers   etag: '"33TX4J3DNTGF7K41ZUV6OA182"',
103 verbose headers   age: '0',
103 verbose headers   connection: 'keep-alive',
103 verbose headers   'x-served-by': 'cache-gru7123-GRU',
103 verbose headers   'x-cache': 'HIT',
103 verbose headers   'x-cache-hits': '1',
103 verbose headers   'x-timer': 'S1470189470.826970,VS0,VE596',
103 verbose headers   vary: 'Accept-Encoding' }
104 silly get cb [ 304,
104 silly get   { date: 'Wed, 03 Aug 2016 01:57:50 GMT',
104 silly get     via: '1.1 varnish',
104 silly get     'cache-control': 'max-age=300',
104 silly get     etag: '"33TX4J3DNTGF7K41ZUV6OA182"',
104 silly get     age: '0',
104 silly get     connection: 'keep-alive',
104 silly get     'x-served-by': 'cache-gru7123-GRU',
104 silly get     'x-cache': 'HIT',
104 silly get     'x-cache-hits': '1',
104 silly get     'x-timer': 'S1470189470.826970,VS0,VE596',
104 silly get     vary: 'Accept-Encoding' } ]
105 verbose etag https://registry.npmjs.org/bindings from cache
106 verbose get saving bindings to C:\Users\Viktor\AppData\Roaming\npm-cache\registry.npmjs.org\bindings\.cache.json
107 verbose correctMkdir C:\Users\Viktor\AppData\Roaming\npm-cache correctMkdir not in flight; initializing
108 silly resolveWithNewModule bindings@1.2.1 checking installable status
109 silly cache add args [ 'bindings@1.2.1', null ]
110 verbose cache add spec bindings@1.2.1
111 silly cache add parsed spec Result {
111 silly cache add   raw: 'bindings@1.2.1',
111 silly cache add   scope: null,
111 silly cache add   escapedName: 'bindings',
111 silly cache add   name: 'bindings',
111 silly cache add   rawSpec: '1.2.1',
111 silly cache add   spec: '1.2.1',
111 silly cache add   type: 'version' }
112 silly addNamed bindings@1.2.1
113 verbose addNamed "1.2.1" is a plain semver version for bindings
114 silly mapToRegistry name bindings
115 silly mapToRegistry using default registry
116 silly mapToRegistry registry https://registry.npmjs.org/
117 silly mapToRegistry data Result {
117 silly mapToRegistry   raw: 'bindings',
117 silly mapToRegistry   scope: null,
117 silly mapToRegistry   escapedName: 'bindings',
117 silly mapToRegistry   name: 'bindings',
117 silly mapToRegistry   rawSpec: '',
117 silly mapToRegistry   spec: 'latest',
117 silly mapToRegistry   type: 'tag' }
118 silly mapToRegistry uri https://registry.npmjs.org/bindings
119 verbose addNameVersion registry:https://registry.npmjs.org/bindings not in flight; fetching
120 verbose get https://registry.npmjs.org/bindings not expired, no request
121 silly cache afterAdd bindings@1.2.1
122 verbose afterAdd C:\Users\Viktor\AppData\Roaming\npm-cache\bindings\1.2.1\package\package.json not in flight; writing
123 verbose correctMkdir C:\Users\Viktor\AppData\Roaming\npm-cache correctMkdir not in flight; initializing
124 verbose afterAdd C:\Users\Viktor\AppData\Roaming\npm-cache\bindings\1.2.1\package\package.json written
125 silly loadAllDepsIntoIdealTree Finishing
126 silly loadIdealTree Finishing
127 silly currentTree sociaid@0.0.1
127 silly currentTree +-- ansi-regex@2.0.0
127 silly currentTree +-- ansi-styles@2.2.0
127 silly currentTree +-- array-union@1.0.1
127 silly currentTree +-- array-uniq@1.0.2
127 silly currentTree +-- arrify@1.0.1
127 silly currentTree +-- asn1@0.2.3
127 silly currentTree +-- assert-plus@0.2.0
127 silly currentTree +-- async@1.5.2
127 silly currentTree +-- aws-sign2@0.6.0
127 silly currentTree +-- aws4@1.3.2
127 silly currentTree +-- babel-runtime@5.8.35
127 silly currentTree +-- balanced-match@0.3.0
127 silly currentTree +-- base64-url@1.2.1
127 silly currentTree +-- base64url@1.0.6
127 silly currentTree | `-- concat-stream@1.4.10
127 silly currentTree +-- big-number@0.3.1
127 silly currentTree +-- bignumber.js@2.1.4
127 silly currentTree +-- bl@1.0.3
127 silly currentTree | `-- readable-stream@2.0.5
127 silly currentTree +-- bluebird@3.3.1
127 silly currentTree +-- boom@3.1.2
127 silly currentTree +-- brace-expansion@1.1.3
127 silly currentTree +-- bson@0.4.23
127 silly currentTree +-- buffer-equal-constant-time@1.0.1
127 silly currentTree +-- camelcase-keys@1.0.0
127 silly currentTree +-- camelcase@1.2.1
127 silly currentTree +-- caseless@0.11.0
127 silly currentTree +-- chalk@1.1.1
127 silly currentTree +-- color-convert@1.0.0
127 silly currentTree +-- combined-stream@1.0.5
127 silly currentTree +-- commander@2.9.0
127 silly currentTree +-- concat-map@0.0.1
127 silly currentTree +-- concat-stream@1.5.1
127 silly currentTree | `-- readable-stream@2.0.5
127 silly currentTree +-- config@1.19.0
127 silly currentTree +-- cookie@0.2.3
127 silly currentTree +-- core-js@1.2.6
127 silly currentTree +-- core-util-is@1.0.2
127 silly currentTree +-- cryptiles@2.0.5
127 silly currentTree | +-- boom@2.10.1
127 silly currentTree | `-- hoek@2.16.3
127 silly currentTree +-- dashdash@1.13.0
127 silly currentTree | `-- assert-plus@1.0.0
127 silly currentTree +-- debug@2.2.0
127 silly currentTree +-- delayed-stream@1.0.0
127 silly currentTree +-- depd@1.1.0
127 silly currentTree +-- dottie@1.1.1
127 silly currentTree +-- double-ended-queue@2.1.0-0
127 silly currentTree +-- ecc-jsbn@0.1.1
127 silly currentTree +-- ecdsa-sig-formatter@1.0.5
127 silly currentTree +-- es6-promise@3.0.2
127 silly currentTree +-- escape-string-regexp@1.0.5
127 silly currentTree +-- extend@3.0.0
127 silly currentTree +-- extsprintf@1.0.2
127 silly currentTree +-- fb@1.0.2
127 silly currentTree +-- forever-agent@0.6.1
127 silly currentTree +-- form-data@1.0.0-rc3
127 silly currentTree +-- generate-function@2.0.0
127 silly currentTree +-- generate-object-property@1.2.0
127 silly currentTree +-- generic-pool@2.4.0
127 silly currentTree +-- get-stdin@4.0.1
127 silly currentTree +-- glob@6.0.4
127 silly currentTree +-- globby@4.0.0
127 silly currentTree +-- graceful-readlink@1.0.1
127 silly currentTree +-- hapi-auth-jwt2@5.4.1
127 silly currentTree +-- hapi@13.0.0
127 silly currentTree | +-- accept@2.1.0
127 silly currentTree | +-- ammo@2.0.0
127 silly currentTree | +-- boom@3.1.1
127 silly currentTree | +-- call@3.0.0
127 silly currentTree | +-- catbox-memory@2.0.1
127 silly currentTree | +-- catbox@7.1.0
127 silly currentTree | +-- cryptiles@3.0.0
127 silly currentTree | +-- heavy@4.0.0
127 silly currentTree | +-- hoek@3.0.4
127 silly currentTree | +-- iron@4.0.0
127 silly currentTree | +-- items@2.0.0
127 silly currentTree | +-- joi@7.1.0
127 silly currentTree | | +-- isemail@2.1.0
127 silly currentTree | | `-- moment@2.11.0
127 silly currentTree | +-- kilt@2.0.0
127 silly currentTree | +-- mimos@3.0.0
127 silly currentTree | | `-- mime-db@1.20.0
127 silly currentTree | +-- peekaboo@2.0.0
127 silly currentTree | +-- shot@3.0.0
127 silly currentTree | +-- statehood@4.0.0
127 silly currentTree | +-- subtext@4.0.0
127 silly currentTree | | +-- content@3.0.0
127 silly currentTree | | +-- pez@2.0.1
127 silly currentTree | | | +-- b64@3.0.0
127 silly currentTree | | | `-- nigel@2.0.0
127 silly currentTree | | |   `-- vise@2.0.0
127 silly currentTree | | `-- wreck@7.0.0
127 silly currentTree | `-- topo@2.0.0
127 silly currentTree +-- har-validator@2.0.6
127 silly currentTree +-- has-ansi@2.0.0
127 silly currentTree +-- hawk@3.1.3
127 silly currentTree | +-- boom@2.10.1
127 silly currentTree | `-- hoek@2.16.3
127 silly currentTree +-- hoek@3.0.4
127 silly currentTree +-- hooks-fixed@1.1.0
127 silly currentTree +-- http-signature@1.1.1
127 silly currentTree +-- iconv-lite@0.4.13
127 silly currentTree +-- indent-string@1.2.2
127 silly currentTree +-- inflection@1.8.0
127 silly currentTree +-- inflight@1.0.4
127 silly currentTree +-- inherits@2.0.1
127 silly currentTree +-- is-finite@1.0.1
127 silly currentTree +-- is-my-json-valid@2.13.1
127 silly currentTree +-- is-property@1.0.2
127 silly currentTree +-- is-typedarray@1.0.0
127 silly currentTree +-- isarray@0.0.1
127 silly currentTree +-- isstream@0.1.2
127 silly currentTree +-- jodid25519@1.0.2
127 silly currentTree +-- jsbn@0.1.0
127 silly currentTree +-- json-schema@0.2.2
127 silly currentTree +-- json-stringify-safe@5.0.1
127 silly currentTree +-- json5@0.4.0
127 silly currentTree +-- jsonpointer@2.0.0
127 silly currentTree +-- jsonwebtoken@5.7.0
127 silly currentTree +-- jsprim@1.2.2
127 silly currentTree +-- jwa@1.1.3
127 silly currentTree +-- jws@3.1.3
127 silly currentTree +-- kareem@1.0.1
127 silly currentTree +-- lodash@4.3.0
127 silly currentTree +-- lru-cache@4.0.0
127 silly currentTree +-- map-obj@1.0.1
127 silly currentTree +-- meow@2.0.0
127 silly currentTree | `-- object-assign@1.0.0
127 silly currentTree +-- mime-db@1.22.0
127 silly currentTree +-- mime-types@2.1.10
127 silly currentTree +-- minimatch@3.0.0
127 silly currentTree +-- minimist@1.1.3
127 silly currentTree +-- moment-timezone@0.5.0
127 silly currentTree +-- moment@2.11.2
127 silly currentTree +-- mongodb-core@1.3.18
127 silly currentTree +-- mongodb@2.1.18
127 silly currentTree | `-- readable-stream@1.0.31
127 silly currentTree +-- mongoose@4.4.19
127 silly currentTree +-- mpath@0.2.1
127 silly currentTree +-- mpromise@0.5.5
127 silly currentTree +-- mquery@1.10.0
127 silly currentTree | +-- bluebird@2.10.2
127 silly currentTree | `-- sliced@0.0.5
127 silly currentTree +-- ms@0.7.1
127 silly currentTree +-- muri@1.1.0
127 silly currentTree +-- mysql@2.10.2
127 silly currentTree +-- node-uuid@1.4.7
127 silly currentTree +-- nodemailer@2.4.1
127 silly currentTree | +-- addressparser@1.0.1
127 silly currentTree | +-- buildmail@3.7.0
127 silly currentTree | +-- httpntlm@1.6.1
127 silly currentTree | +-- httpreq@0.4.22
127 silly currentTree | +-- iconv-lite@0.4.13
127 silly currentTree | +-- ip@1.1.3
127 silly currentTree | +-- libbase64@0.1.0
127 silly currentTree | +-- libmime@2.0.3
127 silly currentTree | +-- libqp@1.1.0
127 silly currentTree | +-- mailcomposer@3.9.0
127 silly currentTree | +-- nodemailer-direct-transport@3.1.0
127 silly currentTree | +-- nodemailer-fetch@1.4.0
127 silly currentTree | +-- nodemailer-shared@1.0.5
127 silly currentTree | +-- nodemailer-smtp-pool@2.6.0
127 silly currentTree | +-- nodemailer-smtp-transport@2.5.0
127 silly currentTree | +-- nodemailer-wellknown@0.1.9
127 silly currentTree | +-- smart-buffer@1.0.9
127 silly currentTree | +-- smtp-connection@2.5.0
127 silly currentTree | +-- socks@1.1.9
127 silly currentTree | `-- underscore@1.7.0
127 silly currentTree +-- number-is-nan@1.0.0
127 silly currentTree +-- oauth-sign@0.8.1
127 silly currentTree +-- object-assign@4.0.1
127 silly currentTree +-- once@1.3.3
127 silly currentTree +-- path-is-absolute@1.0.0
127 silly currentTree +-- pify@2.3.0
127 silly currentTree +-- pinkie-promise@2.0.0
127 silly currentTree +-- pinkie@2.0.4
127 silly currentTree +-- process-nextick-args@1.0.6
127 silly currentTree +-- pseudomap@1.0.2
127 silly currentTree +-- qs@6.0.2
127 silly currentTree +-- randomstring@1.1.4
127 silly currentTree +-- readable-stream@1.1.13
127 silly currentTree +-- redis-commands@1.1.0
127 silly currentTree +-- redis@2.4.2
127 silly currentTree +-- regexp-clone@0.0.1
127 silly currentTree +-- repeating@1.1.3
127 silly currentTree +-- request@2.69.0
127 silly currentTree +-- require_optional@1.0.0
127 silly currentTree +-- require-directory@2.1.1
127 silly currentTree +-- resolve-from@2.0.0
127 silly currentTree +-- retry-as-promised@2.0.1
127 silly currentTree +-- semver@5.1.0
127 silly currentTree +-- sequelize@3.19.2
127 silly currentTree +-- shimmer@1.1.0
127 silly currentTree +-- sliced@1.0.1
127 silly currentTree +-- sntp@1.0.9
127 silly currentTree | `-- hoek@2.16.3
127 silly currentTree +-- sprintf@0.1.5
127 silly currentTree +-- sshpk@1.7.4
127 silly currentTree +-- string_decoder@0.10.31
127 silly currentTree +-- stringstream@0.0.5
127 silly currentTree +-- strip-ansi@3.0.1
127 silly currentTree +-- supports-color@2.0.0
127 silly currentTree +-- tedious@1.13.2
127 silly currentTree | `-- readable-stream@2.0.5
127 silly currentTree +-- toposort-class@1.0.1
127 silly currentTree +-- tough-cookie@2.2.1
127 silly currentTree +-- tunnel-agent@0.4.2
127 silly currentTree +-- tweetnacl@0.14.1
127 silly currentTree +-- typedarray@0.0.6
127 silly currentTree +-- util-deprecate@1.0.2
127 silly currentTree +-- validator@4.8.0
127 silly currentTree +-- verror@1.3.6
127 silly currentTree +-- wellknown@0.4.1
127 silly currentTree +-- wkx@0.2.0
127 silly currentTree +-- wrappy@1.0.1
127 silly currentTree +-- xtend@4.0.1
127 silly currentTree `-- yallist@2.0.0
128 silly idealTree sociaid@0.0.1
128 silly idealTree +-- ansi-regex@2.0.0
128 silly idealTree +-- ansi-styles@2.2.0
128 silly idealTree +-- array-union@1.0.1
128 silly idealTree +-- array-uniq@1.0.2
128 silly idealTree +-- arrify@1.0.1
128 silly idealTree +-- asn1@0.2.3
128 silly idealTree +-- assert-plus@0.2.0
128 silly idealTree +-- async@1.5.2
128 silly idealTree +-- aws-sign2@0.6.0
128 silly idealTree +-- aws4@1.3.2
128 silly idealTree +-- babel-runtime@5.8.35
128 silly idealTree +-- balanced-match@0.3.0
128 silly idealTree +-- base64-url@1.2.1
128 silly idealTree +-- base64url@1.0.6
128 silly idealTree | `-- concat-stream@1.4.10
128 silly idealTree +-- bcrypt@0.8.7
128 silly idealTree +-- big-number@0.3.1
128 silly idealTree +-- bignumber.js@2.1.4
128 silly idealTree +-- bindings@1.2.1
128 silly idealTree +-- bl@1.0.3
128 silly idealTree | `-- readable-stream@2.0.5
128 silly idealTree +-- bluebird@3.3.1
128 silly idealTree +-- boom@3.1.2
128 silly idealTree +-- brace-expansion@1.1.3
128 silly idealTree +-- bson@0.4.23
128 silly idealTree +-- buffer-equal-constant-time@1.0.1
128 silly idealTree +-- camelcase-keys@1.0.0
128 silly idealTree +-- camelcase@1.2.1
128 silly idealTree +-- caseless@0.11.0
128 silly idealTree +-- chalk@1.1.1
128 silly idealTree +-- color-convert@1.0.0
128 silly idealTree +-- combined-stream@1.0.5
128 silly idealTree +-- commander@2.9.0
128 silly idealTree +-- concat-map@0.0.1
128 silly idealTree +-- concat-stream@1.5.1
128 silly idealTree | `-- readable-stream@2.0.5
128 silly idealTree +-- config@1.19.0
128 silly idealTree +-- cookie@0.2.3
128 silly idealTree +-- core-js@1.2.6
128 silly idealTree +-- core-util-is@1.0.2
128 silly idealTree +-- cryptiles@2.0.5
128 silly idealTree | +-- boom@2.10.1
128 silly idealTree | `-- hoek@2.16.3
128 silly idealTree +-- dashdash@1.13.0
128 silly idealTree | `-- assert-plus@1.0.0
128 silly idealTree +-- debug@2.2.0
128 silly idealTree +-- delayed-stream@1.0.0
128 silly idealTree +-- depd@1.1.0
128 silly idealTree +-- dottie@1.1.1
128 silly idealTree +-- double-ended-queue@2.1.0-0
128 silly idealTree +-- ecc-jsbn@0.1.1
128 silly idealTree +-- ecdsa-sig-formatter@1.0.5
128 silly idealTree +-- es6-promise@3.0.2
128 silly idealTree +-- escape-string-regexp@1.0.5
128 silly idealTree +-- extend@3.0.0
128 silly idealTree +-- extsprintf@1.0.2
128 silly idealTree +-- fb@1.0.2
128 silly idealTree +-- forever-agent@0.6.1
128 silly idealTree +-- form-data@1.0.0-rc3
128 silly idealTree +-- generate-function@2.0.0
128 silly idealTree +-- generate-object-property@1.2.0
128 silly idealTree +-- generic-pool@2.4.0
128 silly idealTree +-- get-stdin@4.0.1
128 silly idealTree +-- glob@6.0.4
128 silly idealTree +-- globby@4.0.0
128 silly idealTree +-- graceful-readlink@1.0.1
128 silly idealTree +-- hapi-auth-jwt2@5.4.1
128 silly idealTree +-- hapi@13.0.0
128 silly idealTree | +-- accept@2.1.0
128 silly idealTree | +-- ammo@2.0.0
128 silly idealTree | +-- boom@3.1.1
128 silly idealTree | +-- call@3.0.0
128 silly idealTree | +-- catbox-memory@2.0.1
128 silly idealTree | +-- catbox@7.1.0
128 silly idealTree | +-- cryptiles@3.0.0
128 silly idealTree | +-- heavy@4.0.0
128 silly idealTree | +-- hoek@3.0.4
128 silly idealTree | +-- iron@4.0.0
128 silly idealTree | +-- items@2.0.0
128 silly idealTree | +-- joi@7.1.0
128 silly idealTree | | +-- isemail@2.1.0
128 silly idealTree | | `-- moment@2.11.0
128 silly idealTree | +-- kilt@2.0.0
128 silly idealTree | +-- mimos@3.0.0
128 silly idealTree | | `-- mime-db@1.20.0
128 silly idealTree | +-- peekaboo@2.0.0
128 silly idealTree | +-- shot@3.0.0
128 silly idealTree | +-- statehood@4.0.0
128 silly idealTree | +-- subtext@4.0.0
128 silly idealTree | | +-- content@3.0.0
128 silly idealTree | | +-- pez@2.0.1
128 silly idealTree | | | +-- b64@3.0.0
128 silly idealTree | | | `-- nigel@2.0.0
128 silly idealTree | | |   `-- vise@2.0.0
128 silly idealTree | | `-- wreck@7.0.0
128 silly idealTree | `-- topo@2.0.0
128 silly idealTree +-- har-validator@2.0.6
128 silly idealTree +-- has-ansi@2.0.0
128 silly idealTree +-- hawk@3.1.3
128 silly idealTree | +-- boom@2.10.1
128 silly idealTree | `-- hoek@2.16.3
128 silly idealTree +-- hoek@3.0.4
128 silly idealTree +-- hooks-fixed@1.1.0
128 silly idealTree +-- http-signature@1.1.1
128 silly idealTree +-- iconv-lite@0.4.13
128 silly idealTree +-- indent-string@1.2.2
128 silly idealTree +-- inflection@1.8.0
128 silly idealTree +-- inflight@1.0.4
128 silly idealTree +-- inherits@2.0.1
128 silly idealTree +-- is-finite@1.0.1
128 silly idealTree +-- is-my-json-valid@2.13.1
128 silly idealTree +-- is-property@1.0.2
128 silly idealTree +-- is-typedarray@1.0.0
128 silly idealTree +-- isarray@0.0.1
128 silly idealTree +-- isstream@0.1.2
128 silly idealTree +-- jodid25519@1.0.2
128 silly idealTree +-- jsbn@0.1.0
128 silly idealTree +-- json-schema@0.2.2
128 silly idealTree +-- json-stringify-safe@5.0.1
128 silly idealTree +-- json5@0.4.0
128 silly idealTree +-- jsonpointer@2.0.0
128 silly idealTree +-- jsonwebtoken@5.7.0
128 silly idealTree +-- jsprim@1.2.2
128 silly idealTree +-- jwa@1.1.3
128 silly idealTree +-- jws@3.1.3
128 silly idealTree +-- kareem@1.0.1
128 silly idealTree +-- lodash@4.3.0
128 silly idealTree +-- lru-cache@4.0.0
128 silly idealTree +-- map-obj@1.0.1
128 silly idealTree +-- meow@2.0.0
128 silly idealTree | `-- object-assign@1.0.0
128 silly idealTree +-- mime-db@1.22.0
128 silly idealTree +-- mime-types@2.1.10
128 silly idealTree +-- minimatch@3.0.0
128 silly idealTree +-- minimist@1.1.3
128 silly idealTree +-- moment-timezone@0.5.0
128 silly idealTree +-- moment@2.11.2
128 silly idealTree +-- mongodb-core@1.3.18
128 silly idealTree +-- mongodb@2.1.18
128 silly idealTree | `-- readable-stream@1.0.31
128 silly idealTree +-- mongoose@4.4.19
128 silly idealTree +-- mpath@0.2.1
128 silly idealTree +-- mpromise@0.5.5
128 silly idealTree +-- mquery@1.10.0
128 silly idealTree | +-- bluebird@2.10.2
128 silly idealTree | `-- sliced@0.0.5
128 silly idealTree +-- ms@0.7.1
128 silly idealTree +-- muri@1.1.0
128 silly idealTree +-- mysql@2.10.2
128 silly idealTree +-- nan@2.3.5
128 silly idealTree +-- node-uuid@1.4.7
128 silly idealTree +-- nodemailer@2.4.1
128 silly idealTree | +-- addressparser@1.0.1
128 silly idealTree | +-- buildmail@3.7.0
128 silly idealTree | +-- httpntlm@1.6.1
128 silly idealTree | +-- httpreq@0.4.22
128 silly idealTree | +-- iconv-lite@0.4.13
128 silly idealTree | +-- ip@1.1.3
128 silly idealTree | +-- libbase64@0.1.0
128 silly idealTree | +-- libmime@2.0.3
128 silly idealTree | +-- libqp@1.1.0
128 silly idealTree | +-- mailcomposer@3.9.0
128 silly idealTree | +-- nodemailer-direct-transport@3.1.0
128 silly idealTree | +-- nodemailer-fetch@1.4.0
128 silly idealTree | +-- nodemailer-shared@1.0.5
128 silly idealTree | +-- nodemailer-smtp-pool@2.6.0
128 silly idealTree | +-- nodemailer-smtp-transport@2.5.0
128 silly idealTree | +-- nodemailer-wellknown@0.1.9
128 silly idealTree | +-- smart-buffer@1.0.9
128 silly idealTree | +-- smtp-connection@2.5.0
128 silly idealTree | +-- socks@1.1.9
128 silly idealTree | `-- underscore@1.7.0
128 silly idealTree +-- number-is-nan@1.0.0
128 silly idealTree +-- oauth-sign@0.8.1
128 silly idealTree +-- object-assign@4.0.1
128 silly idealTree +-- once@1.3.3
128 silly idealTree +-- path-is-absolute@1.0.0
128 silly idealTree +-- pify@2.3.0
128 silly idealTree +-- pinkie-promise@2.0.0
128 silly idealTree +-- pinkie@2.0.4
128 silly idealTree +-- process-nextick-args@1.0.6
128 silly idealTree +-- pseudomap@1.0.2
128 silly idealTree +-- qs@6.0.2
128 silly idealTree +-- randomstring@1.1.4
128 silly idealTree +-- readable-stream@1.1.13
128 silly idealTree +-- redis-commands@1.1.0
128 silly idealTree +-- redis@2.4.2
128 silly idealTree +-- regexp-clone@0.0.1
128 silly idealTree +-- repeating@1.1.3
128 silly idealTree +-- request@2.69.0
128 silly idealTree +-- require_optional@1.0.0
128 silly idealTree +-- require-directory@2.1.1
128 silly idealTree +-- resolve-from@2.0.0
128 silly idealTree +-- retry-as-promised@2.0.1
128 silly idealTree +-- semver@5.1.0
128 silly idealTree +-- sequelize@3.19.2
128 silly idealTree +-- shimmer@1.1.0
128 silly idealTree +-- sliced@1.0.1
128 silly idealTree +-- sntp@1.0.9
128 silly idealTree | `-- hoek@2.16.3
128 silly idealTree +-- sprintf@0.1.5
128 silly idealTree +-- sshpk@1.7.4
128 silly idealTree +-- string_decoder@0.10.31
128 silly idealTree +-- stringstream@0.0.5
128 silly idealTree +-- strip-ansi@3.0.1
128 silly idealTree +-- supports-color@2.0.0
128 silly idealTree +-- tedious@1.13.2
128 silly idealTree | `-- readable-stream@2.0.5
128 silly idealTree +-- toposort-class@1.0.1
128 silly idealTree +-- tough-cookie@2.2.1
128 silly idealTree +-- tunnel-agent@0.4.2
128 silly idealTree +-- tweetnacl@0.14.1
128 silly idealTree +-- typedarray@0.0.6
128 silly idealTree +-- util-deprecate@1.0.2
128 silly idealTree +-- validator@4.8.0
128 silly idealTree +-- verror@1.3.6
128 silly idealTree +-- wellknown@0.4.1
128 silly idealTree +-- wkx@0.2.0
128 silly idealTree +-- wrappy@1.0.1
128 silly idealTree +-- xtend@4.0.1
128 silly idealTree `-- yallist@2.0.0
129 silly generateActionsToTake Starting
130 silly install generateActionsToTake
131 silly generateActionsToTake Finishing
132 silly diffTrees action count 3
133 silly diffTrees add bindings@1.2.1
134 silly diffTrees add nan@2.3.5
135 silly diffTrees add bcrypt@0.8.7
136 silly decomposeActions action count 24
137 silly decomposeActions fetch bindings@1.2.1
138 silly decomposeActions extract bindings@1.2.1
139 silly decomposeActions test bindings@1.2.1
140 silly decomposeActions preinstall bindings@1.2.1
141 silly decomposeActions build bindings@1.2.1
142 silly decomposeActions install bindings@1.2.1
143 silly decomposeActions postinstall bindings@1.2.1
144 silly decomposeActions finalize bindings@1.2.1
145 silly decomposeActions fetch nan@2.3.5
146 silly decomposeActions extract nan@2.3.5
147 silly decomposeActions test nan@2.3.5
148 silly decomposeActions preinstall nan@2.3.5
149 silly decomposeActions build nan@2.3.5
150 silly decomposeActions install nan@2.3.5
151 silly decomposeActions postinstall nan@2.3.5
152 silly decomposeActions finalize nan@2.3.5
153 silly decomposeActions fetch bcrypt@0.8.7
154 silly decomposeActions extract bcrypt@0.8.7
155 silly decomposeActions test bcrypt@0.8.7
156 silly decomposeActions preinstall bcrypt@0.8.7
157 silly decomposeActions build bcrypt@0.8.7
158 silly decomposeActions install bcrypt@0.8.7
159 silly decomposeActions postinstall bcrypt@0.8.7
160 silly decomposeActions finalize bcrypt@0.8.7
161 silly executeActions Starting
162 silly install executeActions
163 silly doSerial global-install 0
164 silly doParallel fetch 3
165 verbose correctMkdir C:\Users\Viktor\AppData\Roaming\npm-cache\_locks correctMkdir not in flight; initializing
166 verbose lock using C:\Users\Viktor\AppData\Roaming\npm-cache\_locks\staging-455382cf9fae90ec.lock for C:\Users\Viktor\workspace-js\sociaid\node_modules\.staging
167 silly doParallel extract 3
168 silly extract bindings@1.2.1
169 silly extract nan@2.3.5
170 silly extract bcrypt@0.8.7
171 verbose unbuild node_modules\.staging\bindings-230aafae
172 verbose unbuild node_modules\.staging\nan-a4d00653
173 verbose unbuild node_modules\.staging\bcrypt-7f39ba21
174 silly gentlyRm C:\Users\Viktor\workspace-js\sociaid\node_modules\.staging\bindings-230aafae is being purged from base C:\Users\Viktor\workspace-js\sociaid
175 verbose gentlyRm don't care about contents; nuking C:\Users\Viktor\workspace-js\sociaid\node_modules\.staging\bindings-230aafae
176 silly gentlyRm C:\Users\Viktor\workspace-js\sociaid\node_modules\.staging\nan-a4d00653 is being purged from base C:\Users\Viktor\workspace-js\sociaid
177 verbose gentlyRm don't care about contents; nuking C:\Users\Viktor\workspace-js\sociaid\node_modules\.staging\nan-a4d00653
178 verbose tar unpack C:\Users\Viktor\AppData\Roaming\npm-cache\bindings\1.2.1\package.tgz
179 verbose tar unpacking to C:\Users\Viktor\workspace-js\sociaid\node_modules\.staging\bindings-230aafae
180 silly gentlyRm C:\Users\Viktor\workspace-js\sociaid\node_modules\.staging\bindings-230aafae is being purged
181 verbose gentlyRm don't care about contents; nuking C:\Users\Viktor\workspace-js\sociaid\node_modules\.staging\bindings-230aafae
182 verbose tar unpack C:\Users\Viktor\AppData\Roaming\npm-cache\nan\2.3.5\package.tgz
183 verbose tar unpacking to C:\Users\Viktor\workspace-js\sociaid\node_modules\.staging\nan-a4d00653
184 silly gentlyRm C:\Users\Viktor\workspace-js\sociaid\node_modules\.staging\nan-a4d00653 is being purged
185 verbose gentlyRm don't care about contents; nuking C:\Users\Viktor\workspace-js\sociaid\node_modules\.staging\nan-a4d00653
186 silly gunzTarPerm modes [ '777', '666' ]
187 silly gentlyRm C:\Users\Viktor\workspace-js\sociaid\node_modules\.staging\bcrypt-7f39ba21 is being purged from base C:\Users\Viktor\workspace-js\sociaid
188 verbose gentlyRm don't care about contents; nuking C:\Users\Viktor\workspace-js\sociaid\node_modules\.staging\bcrypt-7f39ba21
189 silly gunzTarPerm modes [ '777', '666' ]
190 verbose tar unpack C:\Users\Viktor\AppData\Roaming\npm-cache\bcrypt\0.8.7\package.tgz
191 verbose tar unpacking to C:\Users\Viktor\workspace-js\sociaid\node_modules\.staging\bcrypt-7f39ba21
192 silly gentlyRm C:\Users\Viktor\workspace-js\sociaid\node_modules\.staging\bcrypt-7f39ba21 is being purged
193 verbose gentlyRm don't care about contents; nuking C:\Users\Viktor\workspace-js\sociaid\node_modules\.staging\bcrypt-7f39ba21
194 silly gunzTarPerm modes [ '777', '666' ]
195 silly gunzTarPerm extractEntry package.json
196 silly gunzTarPerm modified mode [ 'package.json', 420, 438 ]
197 silly gunzTarPerm extractEntry package.json
198 silly gunzTarPerm modified mode [ 'package.json', 436, 438 ]
199 silly gunzTarPerm extractEntry package.json
200 silly gunzTarPerm modified mode [ 'package.json', 420, 438 ]
201 silly gunzTarPerm extractEntry README.md
202 silly gunzTarPerm modified mode [ 'README.md', 420, 438 ]
203 silly gunzTarPerm extractEntry bindings.js
204 silly gunzTarPerm modified mode [ 'bindings.js', 420, 438 ]
205 silly gunzTarPerm extractEntry README.md
206 silly gunzTarPerm modified mode [ 'README.md', 436, 438 ]
207 silly gunzTarPerm extractEntry include_dirs.js
208 silly gunzTarPerm modified mode [ 'include_dirs.js', 436, 438 ]
209 silly gunzTarPerm extractEntry nan_converters.h
210 silly gunzTarPerm modified mode [ 'nan_converters.h', 436, 438 ]
211 silly gunzTarPerm extractEntry LICENSE.md
212 silly gunzTarPerm modified mode [ 'LICENSE.md', 436, 438 ]
213 silly gunzTarPerm extractEntry doc/node_misc.md
214 silly gunzTarPerm modified mode [ 'doc/node_misc.md', 436, 438 ]
215 silly gunzTarPerm extractEntry doc/asyncworker.md
216 silly gunzTarPerm modified mode [ 'doc/asyncworker.md', 436, 438 ]
217 silly gunzTarPerm extractEntry doc/callback.md
218 silly gunzTarPerm modified mode [ 'doc/callback.md', 436, 438 ]
219 silly gunzTarPerm extractEntry doc/converters.md
220 silly gunzTarPerm modified mode [ 'doc/converters.md', 436, 438 ]
221 silly gunzTarPerm extractEntry doc/errors.md
222 silly gunzTarPerm modified mode [ 'doc/errors.md', 436, 438 ]
223 silly gunzTarPerm extractEntry doc/maybe_types.md
224 silly gunzTarPerm modified mode [ 'doc/maybe_types.md', 436, 438 ]
225 silly gunzTarPerm extractEntry doc/methods.md
226 silly gunzTarPerm modified mode [ 'doc/methods.md', 436, 438 ]
227 silly gunzTarPerm extractEntry doc/new.md
228 silly gunzTarPerm modified mode [ 'doc/new.md', 436, 438 ]
229 silly gunzTarPerm extractEntry doc/buffers.md
230 silly gunzTarPerm modified mode [ 'doc/buffers.md', 436, 438 ]
231 silly gunzTarPerm extractEntry doc/object_wrappers.md
232 silly gunzTarPerm modified mode [ 'doc/object_wrappers.md', 436, 438 ]
233 silly gunzTarPerm extractEntry doc/persistent.md
234 silly gunzTarPerm modified mode [ 'doc/persistent.md', 436, 438 ]
235 silly gunzTarPerm extractEntry doc/scopes.md
236 silly gunzTarPerm modified mode [ 'doc/scopes.md', 436, 438 ]
237 silly gunzTarPerm extractEntry doc/script.md
238 silly gunzTarPerm modified mode [ 'doc/script.md', 436, 438 ]
239 silly gunzTarPerm extractEntry doc/string_bytes.md
240 silly gunzTarPerm modified mode [ 'doc/string_bytes.md', 436, 438 ]
241 silly gunzTarPerm extractEntry doc/v8_internals.md
242 silly gunzTarPerm modified mode [ 'doc/v8_internals.md', 436, 438 ]
243 silly gunzTarPerm extractEntry doc/v8_misc.md
244 silly gunzTarPerm modified mode [ 'doc/v8_misc.md', 436, 438 ]
245 silly gunzTarPerm extractEntry nan.h
246 silly gunzTarPerm modified mode [ 'nan.h', 436, 438 ]
247 silly gunzTarPerm extractEntry nan_callbacks.h
248 silly gunzTarPerm modified mode [ 'nan_callbacks.h', 436, 438 ]
249 silly gunzTarPerm extractEntry nan_callbacks_12_inl.h
250 silly gunzTarPerm modified mode [ 'nan_callbacks_12_inl.h', 436, 438 ]
251 silly gunzTarPerm extractEntry nan_callbacks_pre_12_inl.h
252 silly gunzTarPerm modified mode [ 'nan_callbacks_pre_12_inl.h', 436, 438 ]
253 silly gunzTarPerm extractEntry nan_converters_43_inl.h
254 silly gunzTarPerm modified mode [ 'nan_converters_43_inl.h', 436, 438 ]
255 silly gunzTarPerm extractEntry nan_converters_pre_43_inl.h
256 silly gunzTarPerm modified mode [ 'nan_converters_pre_43_inl.h', 436, 438 ]
257 silly gunzTarPerm extractEntry nan_implementation_12_inl.h
258 silly gunzTarPerm modified mode [ 'nan_implementation_12_inl.h', 436, 438 ]
259 silly gunzTarPerm extractEntry nan_implementation_pre_12_inl.h
260 silly gunzTarPerm modified mode [ 'nan_implementation_pre_12_inl.h', 436, 438 ]
261 silly gunzTarPerm extractEntry nan_maybe_43_inl.h
262 silly gunzTarPerm modified mode [ 'nan_maybe_43_inl.h', 436, 438 ]
263 silly gunzTarPerm extractEntry nan_maybe_pre_43_inl.h
264 silly gunzTarPerm modified mode [ 'nan_maybe_pre_43_inl.h', 436, 438 ]
265 silly gunzTarPerm extractEntry nan_new.h
266 silly gunzTarPerm modified mode [ 'nan_new.h', 436, 438 ]
267 silly gunzTarPerm extractEntry nan_object_wrap.h
268 silly gunzTarPerm modified mode [ 'nan_object_wrap.h', 436, 438 ]
269 silly gunzTarPerm extractEntry nan_persistent_12_inl.h
270 silly gunzTarPerm modified mode [ 'nan_persistent_12_inl.h', 436, 438 ]
271 silly gunzTarPerm extractEntry nan_persistent_pre_12_inl.h
272 silly gunzTarPerm modified mode [ 'nan_persistent_pre_12_inl.h', 436, 438 ]
273 silly gunzTarPerm extractEntry nan_string_bytes.h
274 silly gunzTarPerm modified mode [ 'nan_string_bytes.h', 436, 438 ]
275 silly gunzTarPerm extractEntry nan_typedarray_contents.h
276 silly gunzTarPerm modified mode [ 'nan_typedarray_contents.h', 436, 438 ]
277 silly gunzTarPerm extractEntry nan_weak.h
278 silly gunzTarPerm modified mode [ 'nan_weak.h', 436, 438 ]
279 silly gunzTarPerm extractEntry CHANGELOG.md
280 silly gunzTarPerm modified mode [ 'CHANGELOG.md', 436, 438 ]
281 silly gunzTarPerm extractEntry tools/package.json
282 silly gunzTarPerm modified mode [ 'tools/package.json', 436, 438 ]
283 silly gunzTarPerm extractEntry tools/README.md
284 silly gunzTarPerm modified mode [ 'tools/README.md', 436, 438 ]
285 silly gunzTarPerm extractEntry tools/1to2.js
286 silly gunzTarPerm modified mode [ 'tools/1to2.js', 509, 511 ]
287 silly gunzTarPerm extractEntry .npmignore
288 silly gunzTarPerm modified mode [ '.npmignore', 420, 438 ]
289 silly gunzTarPerm extractEntry README.md
290 silly gunzTarPerm modified mode [ 'README.md', 420, 438 ]
291 silly gunzTarPerm extractEntry LICENSE
292 silly gunzTarPerm modified mode [ 'LICENSE', 420, 438 ]
293 silly gunzTarPerm extractEntry bcrypt.js
294 silly gunzTarPerm modified mode [ 'bcrypt.js', 420, 438 ]
295 silly gunzTarPerm extractEntry Makefile
296 silly gunzTarPerm modified mode [ 'Makefile', 420, 438 ]
297 silly gunzTarPerm extractEntry .travis.yml
298 silly gunzTarPerm modified mode [ '.travis.yml', 420, 438 ]
299 silly gunzTarPerm extractEntry CHANGELOG.md
300 silly gunzTarPerm modified mode [ 'CHANGELOG.md', 420, 438 ]
301 silly gunzTarPerm extractEntry binding.gyp
302 silly gunzTarPerm modified mode [ 'binding.gyp', 420, 438 ]
303 silly gunzTarPerm extractEntry examples/async_compare.js
304 silly gunzTarPerm modified mode [ 'examples/async_compare.js', 420, 438 ]
305 silly gunzTarPerm extractEntry examples/forever_gen_salt.js
306 silly gunzTarPerm modified mode [ 'examples/forever_gen_salt.js', 420, 438 ]
307 silly gunzTarPerm extractEntry test/async.js
308 silly gunzTarPerm modified mode [ 'test/async.js', 420, 438 ]
309 silly gunzTarPerm extractEntry test/repetitions.js
310 silly gunzTarPerm modified mode [ 'test/repetitions.js', 420, 438 ]
311 silly gunzTarPerm extractEntry test/sync.js
312 silly gunzTarPerm modified mode [ 'test/sync.js', 420, 438 ]
313 silly gunzTarPerm extractEntry ISSUE_TEMPLATE.md
314 silly gunzTarPerm modified mode [ 'ISSUE_TEMPLATE.md', 420, 438 ]
315 silly gunzTarPerm extractEntry src/bcrypt.cc
316 silly gunzTarPerm modified mode [ 'src/bcrypt.cc', 420, 438 ]
317 silly gunzTarPerm extractEntry src/bcrypt_node.cc
318 silly gunzTarPerm modified mode [ 'src/bcrypt_node.cc', 420, 438 ]
319 silly gunzTarPerm extractEntry src/blowfish.cc
320 silly gunzTarPerm modified mode [ 'src/blowfish.cc', 420, 438 ]
321 silly gunzTarPerm extractEntry src/node_blf.h
322 silly gunzTarPerm modified mode [ 'src/node_blf.h', 420, 438 ]
323 silly gunzTarPerm extractEntry werker.yml
324 silly gunzTarPerm modified mode [ 'werker.yml', 420, 438 ]
325 silly gentlyRm C:\Users\Viktor\workspace-js\sociaid\node_modules\.staging\bindings-230aafae\node_modules is being purged
326 verbose gentlyRm don't care about contents; nuking C:\Users\Viktor\workspace-js\sociaid\node_modules\.staging\bindings-230aafae\node_modules
327 silly gentlyRm C:\Users\Viktor\workspace-js\sociaid\node_modules\.staging\bcrypt-7f39ba21\node_modules is being purged
328 verbose gentlyRm don't care about contents; nuking C:\Users\Viktor\workspace-js\sociaid\node_modules\.staging\bcrypt-7f39ba21\node_modules
329 silly gentlyRm C:\Users\Viktor\workspace-js\sociaid\node_modules\.staging\nan-a4d00653\node_modules is being purged
330 verbose gentlyRm don't care about contents; nuking C:\Users\Viktor\workspace-js\sociaid\node_modules\.staging\nan-a4d00653\node_modules
331 silly doParallel preinstall 3
332 silly preinstall bindings@1.2.1 C:\Users\Viktor\workspace-js\sociaid\node_modules\.staging\bindings-230aafae
333 info lifecycle bindings@1.2.1~preinstall: bindings@1.2.1
334 silly preinstall nan@2.3.5 C:\Users\Viktor\workspace-js\sociaid\node_modules\.staging\nan-a4d00653
335 info lifecycle nan@2.3.5~preinstall: nan@2.3.5
336 silly preinstall bcrypt@0.8.7 C:\Users\Viktor\workspace-js\sociaid\node_modules\.staging\bcrypt-7f39ba21
337 info lifecycle bcrypt@0.8.7~preinstall: bcrypt@0.8.7
338 silly lifecycle bindings@1.2.1~preinstall: no script for preinstall, continuing
339 silly lifecycle nan@2.3.5~preinstall: no script for preinstall, continuing
340 silly lifecycle bcrypt@0.8.7~preinstall: no script for preinstall, continuing
341 silly doReverseSerial remove 0
342 silly doSerial move 0
343 silly doSerial finalize 3
344 silly finalize C:\Users\Viktor\workspace-js\sociaid\node_modules\bindings
345 silly finalize C:\Users\Viktor\workspace-js\sociaid\node_modules\nan
346 silly finalize C:\Users\Viktor\workspace-js\sociaid\node_modules\bcrypt
347 silly doSerial build 3
348 silly build bindings@1.2.1
349 info linkStuff bindings@1.2.1
350 silly linkStuff bindings@1.2.1 has C:\Users\Viktor\workspace-js\sociaid\node_modules as its parent node_modules
351 verbose linkBins bindings@1.2.1
352 verbose linkMans bindings@1.2.1
353 silly build nan@2.3.5
354 info linkStuff nan@2.3.5
355 silly linkStuff nan@2.3.5 has C:\Users\Viktor\workspace-js\sociaid\node_modules as its parent node_modules
356 verbose linkBins nan@2.3.5
357 verbose linkMans nan@2.3.5
358 silly build bcrypt@0.8.7
359 info linkStuff bcrypt@0.8.7
360 silly linkStuff bcrypt@0.8.7 has C:\Users\Viktor\workspace-js\sociaid\node_modules as its parent node_modules
361 verbose linkBins bcrypt@0.8.7
362 verbose linkMans bcrypt@0.8.7
363 silly doSerial global-link 0
364 silly doParallel update-linked 0
365 silly doSerial install 3
366 silly install bindings@1.2.1 C:\Users\Viktor\workspace-js\sociaid\node_modules\.staging\bindings-230aafae
367 info lifecycle bindings@1.2.1~install: bindings@1.2.1
368 silly lifecycle bindings@1.2.1~install: no script for install, continuing
369 silly install nan@2.3.5 C:\Users\Viktor\workspace-js\sociaid\node_modules\.staging\nan-a4d00653
370 info lifecycle nan@2.3.5~install: nan@2.3.5
371 silly lifecycle nan@2.3.5~install: no script for install, continuing
372 silly install bcrypt@0.8.7 C:\Users\Viktor\workspace-js\sociaid\node_modules\.staging\bcrypt-7f39ba21
373 info lifecycle bcrypt@0.8.7~install: bcrypt@0.8.7
374 verbose lifecycle bcrypt@0.8.7~install: unsafe-perm in lifecycle true
375 verbose lifecycle bcrypt@0.8.7~install: PATH: C:\Users\Viktor\AppData\Roaming\npm\node_modules\npm\bin\node-gyp-bin;C:\Users\Viktor\workspace-js\sociaid\node_modules\bcrypt\node_modules\.bin;C:\Users\Viktor\workspace-js\sociaid\node_modules\.bin;C:\Program Files\nodejs;C:\ProgramData\Oracle\Java\javapath;C:\RailsInstaller\Ruby2.0.0\bin;C:\Program Files (x86)\Intel\iCLS Client\;C:\Program Files\Intel\iCLS Client\;C:\WINDOWS\system32;C:\WINDOWS;C:\WINDOWS\System32\Wbem;C:\WINDOWS\System32\WindowsPowerShell\v1.0\;C:\Program Files (x86)\Windows Live\Shared;C:\Program Files (x86)\Intel\OpenCL SDK\3.0\bin\x86;C:\Program Files (x86)\Intel\OpenCL SDK\3.0\bin\x64;C:\Program Files\Intel\Intel(R) Management Engine Components\DAL;C:\Program Files\Intel\Intel(R) Management Engine Components\IPT;C:\Program Files (x86)\Intel\Intel(R) Management Engine Components\DAL;C:\Program Files (x86)\Intel\Intel(R) Management Engine Components\IPT;D:\Xampp\php;C:\ProgramData\ComposerSetup\bin;%sublime%;C:\Users\Viktor\workspace\.metadata\.plugins\com.aptana.portablegit.win32\bin;C:\Users\Viktor\AppData\Local\Smartbar\Application\;C:\Users\Viktor\AppData\Roaming\Composer\vendor\bin;C:\Program Files\Microsoft SQL Server\110\Tools\Binn\;C:\Program Files\Microsoft SQL Server\120\Tools\Binn\;C:\Program Files (x86)\NVIDIA Corporation\PhysX\Common;C:\Program Files (x86)\scala\bin;C:\WINDOWS\system32;C:\WINDOWS;C:\WINDOWS\System32\Wbem;C:\WINDOWS\System32\WindowsPowerShell\v1.0\;C:\Program Files\Calibre2\;C:\Program Files\Git\cmd;D:\Python\python.exe;C:\Program Files\MongoDB\Server\3.0\bin;C:\Program Files (x86)\Skype\Phone\;C:\Program Files (x86)\Heroku\bin;C:\Program Files (x86)\git\cmd;C:\Program Files\nodejs\;C:\WINDOWS\system32\config\systemprofile\.dnx\bin;C:\Program Files\Microsoft DNX\Dnvm\;C:\Program Files\Microsoft SQL Server\Client SDK\ODBC\110\Tools\Binn\;C:\Program Files (x86)\Microsoft SQL Server\120\Tools\Binn\ManagementStudio\;C:\Program Files (x86)\Microsoft SQL Server\120\Tools\Binn\;C:\Program Files (x86)\Microsoft SQL Server\120\DTS\Binn\;C:\Program Files\Microsoft SQL Server\120\DTS\Binn\;C:\Program Files\mingw-w64\x86_64-6.1.0-posix-seh-rt_v5-rev0\mingw64\bin;C:\RailsInstaller\Git\cmd;C:\RailsInstaller\Ruby2.0.0\bin;C:\Users\Viktor\Documents\SublimeBat;C:\Users\Viktor\workspace\.metadata\.plugins\com.aptana.portablegit.win32\bin;C:\Users\Viktor\AppData\Roaming\Composer\vendor\bin;C:\Program Files (x86)\Microsoft VS Code\bin;C:\Users\Viktor\AppData\Roaming\npm
376 verbose lifecycle bcrypt@0.8.7~install: CWD: C:\Users\Viktor\workspace-js\sociaid\node_modules\bcrypt
377 silly lifecycle bcrypt@0.8.7~install: Args: [ '/d /s /c', 'node-gyp rebuild' ]
378 silly lifecycle bcrypt@0.8.7~install: Returned: code: 1  signal: null
379 info lifecycle bcrypt@0.8.7~install: Failed to exec install script
380 verbose unlock done using C:\Users\Viktor\AppData\Roaming\npm-cache\_locks\staging-455382cf9fae90ec.lock for C:\Users\Viktor\workspace-js\sociaid\node_modules\.staging
381 silly rollbackFailedOptional Starting
382 silly rollbackFailedOptional Finishing
383 silly runTopLevelLifecycles Starting
384 silly runTopLevelLifecycles Finishing
385 silly install printInstalled
386 verbose stack Error: bcrypt@0.8.7 install: `node-gyp rebuild`
386 verbose stack Exit status 1
386 verbose stack     at EventEmitter.<anonymous> (C:\Users\Viktor\AppData\Roaming\npm\node_modules\npm\lib\utils\lifecycle.js:242:16)
386 verbose stack     at emitTwo (events.js:100:13)
386 verbose stack     at EventEmitter.emit (events.js:185:7)
386 verbose stack     at ChildProcess.<anonymous> (C:\Users\Viktor\AppData\Roaming\npm\node_modules\npm\lib\utils\spawn.js:40:14)
386 verbose stack     at emitTwo (events.js:100:13)
386 verbose stack     at ChildProcess.emit (events.js:185:7)
386 verbose stack     at maybeClose (internal/child_process.js:827:16)
386 verbose stack     at Process.ChildProcess._handle.onexit (internal/child_process.js:211:5)
387 verbose pkgid bcrypt@0.8.7
388 verbose cwd C:\Users\Viktor\workspace-js\sociaid
389 error Windows_NT 10.0.10586
390 error argv "C:\\Program Files\\nodejs\\node.exe" "C:\\Users\\Viktor\\AppData\\Roaming\\npm\\node_modules\\npm\\bin\\npm-cli.js" "install"
391 error node v5.6.0
392 error npm  v3.10.5
393 error code ELIFECYCLE
394 error bcrypt@0.8.7 install: `node-gyp rebuild`
394 error Exit status 1
395 error Failed at the bcrypt@0.8.7 install script 'node-gyp rebuild'.
395 error Make sure you have the latest version of node.js and npm installed.
395 error If you do, this is most likely a problem with the bcrypt package,
395 error not with npm itself.
395 error Tell the author that this fails on your system:
395 error     node-gyp rebuild
395 error You can get information on how to open an issue for this project with:
395 error     npm bugs bcrypt
395 error Or if that isn't available, you can get their info via:
395 error     npm owner ls bcrypt
395 error There is likely additional logging output above.
396 verbose exit [ 1, true ]
